08/07 14:24 BlueSky              DEBUG    Logging Configured
08/07 14:24 BlueSky              SUMMARY  BlueSky Framework version 3.5.1 (rev 39130)
08/07 14:24 BlueSky              INFO     Using OUTPUT_DIR: /opt/bluesky/bluesky_3.5.1/output/2013080100.1/
08/07 14:24 BlueSky              INFO     Using WORK_DIR: /opt/bluesky/bluesky_3.5.1/working/2013080100.2/
08/07 14:24 BlueSky              DEBUG    Using inputs = ['SmartFire2']
08/07 14:24 SmartFire2           DEBUG    Created <class 'smartfire2.InputSmartFire2'>: InputSmartFire2
08/07 14:24 SmartFire2           DEBUG    Declared Input[FireInformation]: InputSmartFire2.fires
08/07 14:24 SmartFire2           DEBUG    Declared Output[FireInformation]: InputSmartFire2.fires
08/07 14:24 BlueSky              DEBUG    Added node <class 'smartfire2.InputSmartFire2'>: InputSmartFire2
08/07 14:24 BlueSky              DEBUG    Using starts = ['FillDefaultData']
08/07 14:24 FillDefaultData      WARNING  Disconnecting Output[FireInformation]: MM5LocalMet.fires from Input[FireInformation]: FillDefaultData.fires
08/07 14:24 FillDefaultData      DEBUG    Connecting Input[FireInformation]: FillDefaultData.fires to Output[FireInformation]: InputSmartFire2.fires
08/07 14:24 BlueSky              DEBUG    Using outputs = ['StandardFiles']
08/07 14:24 StandardFiles        DEBUG    Created <class 'standard_files.OutputStandardFiles'>: OutputStandardFiles_FEPSPlumeRise
08/07 14:24 StandardFiles        DEBUG    Declared Input[FireInformation]: OutputStandardFiles_FEPSPlumeRise.fires
08/07 14:24 BlueSky              DEBUG    Added node <class 'standard_files.OutputStandardFiles'>: OutputStandardFiles_FEPSPlumeRise
08/07 14:24 StandardFiles        DEBUG    Connecting Input[FireInformation]: OutputStandardFiles_FEPSPlumeRise.fires to Output[FireInformation]: FEPSPlumeRise.fires
08/07 14:24 BlueSky              DEBUG    Attaching "OutputStandardFiles" output node to "FEPSPlumeRise" target node
08/07 14:24 SmartFire2           DEBUG    Evaluating Input[FireInformation]: InputSmartFire2.fires
08/07 14:24 Context              DEBUG    Creating directory /opt/bluesky/bluesky_3.5.1/working/2013080100.2/InputSmartFire2
08/07 14:24 SmartFire2           TIMERS   Running Process InputSmartFire2
08/07 14:24 BlueSky              SUMMARY  Emissions period: 20130731 00Z to 20130804 00Z
08/07 14:24 BlueSky              SUMMARY  Dispersion period: 20130801 00Z to 20130804 00Z
08/07 14:24 SmartFire2           INFO     Downloading fire data for 2013-07-31 from SmartFire2...
08/07 14:24 SmartFire2           INFO     Downloading fire data for 2013-08-01 from SmartFire2...
08/07 14:24 SmartFire2           INFO     Downloading fire data for 2013-08-02 from SmartFire2...
08/07 14:24 SmartFire2           INFO     Downloading fire data for 2013-08-03 from SmartFire2...
08/07 14:24 SmartFire2           DEBUG    Exception while running Process 'InputSmartFire2': 
>>> ERROR: SmartFire2 request returned zero fires
>>>    File "base/modules/smartfire2.py", line 202, in run
>>>      raise Exception("SmartFire2 request returned zero fires")
>>>

08/07 14:24 BlueSky              INFO     >>> Aborting execution
08/07 14:24 StandardFiles        DEBUG    Created <class 'standard_files.OutputStandardFiles'>: OutputStandardFiles_InputSmartFire2_injected
08/07 14:24 StandardFiles        DEBUG    Declared Input[FireInformation]: OutputStandardFiles_InputSmartFire2_injected.fires
08/07 14:24 BlueSky              DEBUG    Added node <class 'standard_files.OutputStandardFiles'>: OutputStandardFiles_InputSmartFire2_injected
08/07 14:24 BlueSky              DEBUG    Attaching "OutputStandardFiles" output node in place of "InputSmartFire2" target node
08/07 14:24 StandardFiles        DEBUG    Evaluating Input[FireInformation]: OutputStandardFiles_InputSmartFire2_injected.fires
08/07 14:24 Context              DEBUG    Creating directory /opt/bluesky/bluesky_3.5.1/working/2013080100.2/OutputStandardFiles_InputSmartFire2_injected
08/07 14:24 StandardFiles        TIMERS   Running Process OutputStandardFiles_InputSmartFire2_injected
08/07 14:24 StandardFiles        INFO     Writing fire locations to standard format file
08/07 14:24 StandardFiles        DEBUG    Exception while running Process 'OutputStandardFiles_InputSmartFire2_injected': 
>>> ERROR: 'NoneType' object has no attribute 'events'
>>> ERROR TYPE: AttributeError
>>>    File "base/modules/standard_files.py", line 44, in run
>>>      self.write_standard_files()
>>>    File "base/modules/standard_files.py", line 196, in write_standard_files
>>>      events_table = self.get_events_table(fireInfo)
>>>    File "base/modules/standard_files.py", line 80, in get_events_table
>>>      for event in fireInfo.events():
>>>

08/07 14:24 BlueSky              DEBUG    Error running output process OutputStandardFiles_InputSmartFire2_injected: 
>>> ERROR: 'NoneType' object has no attribute 'events'
>>> ERROR TYPE: AttributeError
>>>    File "base/modules/standard_files.py", line 44, in run
>>>      self.write_standard_files()
>>>    File "base/modules/standard_files.py", line 196, in write_standard_files
>>>      events_table = self.get_events_table(fireInfo)
>>>    File "base/modules/standard_files.py", line 80, in get_events_table
>>>      for event in fireInfo.events():
>>>

08/07 14:24 BlueSky              ERROR    >>>
>>> ERROR: SmartFire2 request returned zero fires
>>>    File "base/modules/smartfire2.py", line 202, in run
>>>      raise Exception("SmartFire2 request returned zero fires")
>>>

08/07 14:24 BlueSky              SUMMARY  Completed in 1.01 seconds
