09/22 22:05 BlueSky              DEBUG    Logging Configured
09/22 22:05 BlueSky              SUMMARY  BlueSky Framework version 3.5.1 (rev 39130)
09/22 22:05 BlueSky              INFO     Using OUTPUT_DIR: /opt/bluesky/bluesky_3.5.1/output/2017092300.1/
09/22 22:05 BlueSky              INFO     Using WORK_DIR: /opt/bluesky/bluesky_3.5.1/working/2017092300.1/
09/22 22:05 BlueSky              DEBUG    Using inputs = ['SmartFire2']
09/22 22:05 SmartFire2           DEBUG    Created <class 'smartfire2.InputSmartFire2'>: InputSmartFire2
09/22 22:05 SmartFire2           DEBUG    Declared Input[FireInformation]: InputSmartFire2.fires
09/22 22:05 SmartFire2           DEBUG    Declared Output[FireInformation]: InputSmartFire2.fires
09/22 22:05 BlueSky              DEBUG    Added node <class 'smartfire2.InputSmartFire2'>: InputSmartFire2
09/22 22:05 BlueSky              DEBUG    Using starts = ['FillDefaultData']
09/22 22:05 FillDefaultData      WARNING  Disconnecting Output[FireInformation]: MM5LocalMet.fires from Input[FireInformation]: FillDefaultData.fires
09/22 22:05 FillDefaultData      DEBUG    Connecting Input[FireInformation]: FillDefaultData.fires to Output[FireInformation]: InputSmartFire2.fires
09/22 22:05 BlueSky              DEBUG    Using outputs = ['StandardFiles']
09/22 22:05 StandardFiles        DEBUG    Created <class 'standard_files.OutputStandardFiles'>: OutputStandardFiles_NoPlumeRise
09/22 22:05 StandardFiles        DEBUG    Declared Input[FireInformation]: OutputStandardFiles_NoPlumeRise.fires
09/22 22:05 BlueSky              DEBUG    Added node <class 'standard_files.OutputStandardFiles'>: OutputStandardFiles_NoPlumeRise
09/22 22:05 StandardFiles        DEBUG    Connecting Input[FireInformation]: OutputStandardFiles_NoPlumeRise.fires to Output[FireInformation]: NoPlumeRise.fires
09/22 22:05 BlueSky              DEBUG    Attaching "OutputStandardFiles" output node to "NoPlumeRise" target node
09/22 22:05 SmartFire2           DEBUG    Evaluating Input[FireInformation]: InputSmartFire2.fires
09/22 22:05 Context              DEBUG    Creating directory /opt/bluesky/bluesky_3.5.1/working/2017092300.1/InputSmartFire2
09/22 22:05 SmartFire2           TIMERS   Running Process InputSmartFire2
09/22 22:05 BlueSky              SUMMARY  Emissions period: 20170922 00Z to 20170926 00Z
09/22 22:05 BlueSky              SUMMARY  Dispersion period: 20170923 00Z to 20170926 00Z
09/22 22:05 SmartFire2           INFO     Downloading fire data for 2017-09-22 from SmartFire2...
09/22 22:10 SmartFire2           WARNING  Error retrieving data from SmartFire2: <type 'exceptions.KeyError'>
09/22 22:10 SmartFire2           WARNING  SmartFire2 Error: 'event_id'
09/22 22:10 SmartFire2           INFO     For more information, see http://smartfire.sonomatechdata.com/
09/22 22:10 SmartFire2           DEBUG    Exception while running Process 'InputSmartFire2': 
>>> ERROR: SmartFire2 request returned zero fires
>>>    File "base/modules/smartfire2.py", line 202, in run
>>>      raise Exception("SmartFire2 request returned zero fires")
>>>

09/22 22:10 BlueSky              INFO     >>> Aborting execution
09/22 22:10 StandardFiles        DEBUG    Created <class 'standard_files.OutputStandardFiles'>: OutputStandardFiles_InputSmartFire2_injected
09/22 22:10 StandardFiles        DEBUG    Declared Input[FireInformation]: OutputStandardFiles_InputSmartFire2_injected.fires
09/22 22:10 BlueSky              DEBUG    Added node <class 'standard_files.OutputStandardFiles'>: OutputStandardFiles_InputSmartFire2_injected
09/22 22:10 BlueSky              DEBUG    Attaching "OutputStandardFiles" output node in place of "InputSmartFire2" target node
09/22 22:10 StandardFiles        DEBUG    Evaluating Input[FireInformation]: OutputStandardFiles_InputSmartFire2_injected.fires
09/22 22:10 Context              DEBUG    Creating directory /opt/bluesky/bluesky_3.5.1/working/2017092300.1/OutputStandardFiles_InputSmartFire2_injected
09/22 22:10 StandardFiles        TIMERS   Running Process OutputStandardFiles_InputSmartFire2_injected
09/22 22:10 StandardFiles        INFO     Writing fire locations to standard format file
09/22 22:10 StandardFiles        DEBUG    Exception while running Process 'OutputStandardFiles_InputSmartFire2_injected': 
>>> ERROR: 'NoneType' object has no attribute 'events'
>>> ERROR TYPE: AttributeError
>>>    File "base/modules/standard_files.py", line 44, in run
>>>      self.write_standard_files()
>>>    File "base/modules/standard_files.py", line 196, in write_standard_files
>>>      events_table = self.get_events_table(fireInfo)
>>>    File "base/modules/standard_files.py", line 80, in get_events_table
>>>      for event in fireInfo.events():
>>>

09/22 22:10 BlueSky              DEBUG    Error running output process OutputStandardFiles_InputSmartFire2_injected: 
>>> ERROR: 'NoneType' object has no attribute 'events'
>>> ERROR TYPE: AttributeError
>>>    File "base/modules/standard_files.py", line 44, in run
>>>      self.write_standard_files()
>>>    File "base/modules/standard_files.py", line 196, in write_standard_files
>>>      events_table = self.get_events_table(fireInfo)
>>>    File "base/modules/standard_files.py", line 80, in get_events_table
>>>      for event in fireInfo.events():
>>>

09/22 22:10 BlueSky              ERROR    >>>
>>> ERROR: SmartFire2 request returned zero fires
>>>    File "base/modules/smartfire2.py", line 202, in run
>>>      raise Exception("SmartFire2 request returned zero fires")
>>>

09/22 22:10 BlueSky              SUMMARY  Completed in 5 minutes 0.09 seconds
