10/17 11:23 BlueSky              DEBUG    Logging Configured
10/17 11:23 BlueSky              SUMMARY  BlueSky Framework version 3.5.1 (rev 39130)
10/17 11:23 BlueSky              INFO     Using OUTPUT_DIR: /opt/bluesky/bluesky_3.5.1/output/2016080100.5/
10/17 11:23 BlueSky              INFO     Using WORK_DIR: /opt/bluesky/bluesky_3.5.1/working/2016080100.5/
10/17 11:23 BlueSky              DEBUG    Using inputs = ['StandardFiles']
10/17 11:23 StandardFiles        DEBUG    Created <class 'standard_files.InputStandardFiles'>: InputStandardFiles
10/17 11:23 StandardFiles        DEBUG    Declared Input[FireInformation]: InputStandardFiles.fires
10/17 11:23 StandardFiles        DEBUG    Declared Output[FireInformation]: InputStandardFiles.fires
10/17 11:23 BlueSky              DEBUG    Added node <class 'standard_files.InputStandardFiles'>: InputStandardFiles
10/17 11:23 BlueSky              DEBUG    Using starts = ['FillDefaultData']
10/17 11:23 FillDefaultData      WARNING  Disconnecting Output[FireInformation]: MM5LocalMet.fires from Input[FireInformation]: FillDefaultData.fires
10/17 11:23 FillDefaultData      DEBUG    Connecting Input[FireInformation]: FillDefaultData.fires to Output[FireInformation]: InputStandardFiles.fires
10/17 11:23 BlueSky              DEBUG    Using outputs = ['StandardFiles']
10/17 11:23 StandardFiles        DEBUG    Created <class 'standard_files.OutputStandardFiles'>: OutputStandardFiles_FEPSPlumeRise
10/17 11:23 StandardFiles        DEBUG    Declared Input[FireInformation]: OutputStandardFiles_FEPSPlumeRise.fires
10/17 11:23 BlueSky              DEBUG    Added node <class 'standard_files.OutputStandardFiles'>: OutputStandardFiles_FEPSPlumeRise
10/17 11:23 StandardFiles        DEBUG    Connecting Input[FireInformation]: OutputStandardFiles_FEPSPlumeRise.fires to Output[FireInformation]: FEPSPlumeRise.fires
10/17 11:23 BlueSky              DEBUG    Attaching "OutputStandardFiles" output node to "FEPSPlumeRise" target node
10/17 11:23 StandardFiles        DEBUG    Evaluating Input[FireInformation]: InputStandardFiles.fires
10/17 11:23 Context              DEBUG    Creating directory /opt/bluesky/bluesky_3.5.1/working/2016080100.5/InputStandardFiles
10/17 11:23 StandardFiles        TIMERS   Running Process InputStandardFiles
10/17 11:23 BlueSky              SUMMARY  Emissions period: 20160801 00Z to 20160802 00Z
10/17 11:23 BlueSky              SUMMARY  Dispersion period: 20160801 00Z to 20160802 00Z
10/17 11:23 StandardFiles        INFO     Reading fire locations from standard format file
10/17 11:23 StandardFiles        INFO     Successfully read 4 fire locations
10/17 11:23 StandardFiles        DEBUG    set_output(fires, <kernel.types.FireInformation object at 0x2fd26d0>)
10/17 11:23 StandardFiles        TIMERS   Process InputStandardFiles finished in 0.00 seconds
10/17 11:23 FillDefaultData      DEBUG    Evaluating Input[FireInformation]: FillDefaultData.fires
10/17 11:23 Context              DEBUG    Creating directory /opt/bluesky/bluesky_3.5.1/working/2016080100.5/FillDefaultData
10/17 11:23 FillDefaultData      SUMMARY  Provide defaults for missing input fields v3.5.1
10/17 11:23 FillDefaultData      DEBUG    FireLocationData: RX0 already has time zone UTC
10/17 11:23 FillDefaultData      DEBUG    FireLocationData: RX56 already has time zone UTC
10/17 11:23 FillDefaultData      DEBUG    FireLocationData: WF0 already has time zone UTC
10/17 11:23 FillDefaultData      DEBUG    FireLocationData: WF56 already has time zone UTC
10/17 11:23 FillDefaultData      WARNING  FireLocationData: RX0 is before emissions period. Removing fire.
10/17 11:23 FillDefaultData      WARNING  FireLocationData: RX56 is before emissions period. Removing fire.
10/17 11:23 FillDefaultData      WARNING  FireLocationData: WF0 is before emissions period. Removing fire.
10/17 11:23 FillDefaultData      WARNING  FireLocationData: WF56 is before emissions period. Removing fire.
10/17 11:23 FillDefaultData      WARNING  WARNING: First 24 hours of dispersion results will be empty
10/17 11:23 FillDefaultData      INFO     Earliest fire in data set ignites 24 hours after analysis period
10/17 11:23 FillDefaultData      DEBUG    set_output(fires, <kernel.types.FireInformation object at 0x2fd26d0>)
10/17 11:23 FillDefaultData      TIMERS   Process FillDefaultData finished in 0.22 seconds
10/17 11:23 DefaultFuelMoisture  DEBUG    Evaluating Input[FireInformation]: DefaultFuelMoisture.fires
10/17 11:23 Context              DEBUG    Creating directory /opt/bluesky/bluesky_3.5.1/working/2016080100.5/DefaultFuelMoisture
10/17 11:23 DefaultFuelMoisture  SUMMARY  Provide default fuel moisture information v3.5.1
10/17 11:23 DefaultFuelMoisture  DEBUG    set_output(fires, <kernel.types.FireInformation object at 0x2fd26d0>)
10/17 11:23 DefaultFuelMoisture  TIMERS   Process DefaultFuelMoisture finished in 0.00 seconds
10/17 11:23 GrowthSplit          DEBUG    Evaluating Input[FireInformation]: GrowthSplit.fires
10/17 11:23 Context              DEBUG    Creating directory /opt/bluesky/bluesky_3.5.1/working/2016080100.5/GrowthSplit
10/17 11:23 GrowthSplit          SUMMARY  FireTypeSplitter from package BlueSky v3.5.1
10/17 11:23 GrowthSplit          DEBUG    set_output(wildfires, <kernel.types.FireInformation object at 0x2fe7d50>)
10/17 11:23 GrowthSplit          DEBUG    set_output(prescribed_fires, <kernel.types.FireInformation object at 0x2fe7d90>)
10/17 11:23 GrowthSplit          DEBUG    set_output(other_fires, <kernel.types.FireInformation object at 0x2fe7dd0>)
10/17 11:23 GrowthSplit          TIMERS   Process GrowthSplit finished in 0.00 seconds
10/17 11:23 WildfireGrowth       DEBUG    Evaluating Input[FireInformation]: WildfireGrowth.fires
10/17 11:23 Context              DEBUG    Creating directory /opt/bluesky/bluesky_3.5.1/working/2016080100.5/WildfireGrowth
10/17 11:23 WildfireGrowth       SUMMARY  NoGrowth from package BlueSky v3.5.1
10/17 11:23 WildfireGrowth       DEBUG    set_output(fires, <kernel.types.FireInformation object at 0x2fe7d50>)
10/17 11:23 WildfireGrowth       TIMERS   Process WildfireGrowth finished in 0.00 seconds
10/17 11:23 PrescribedFireGrowth DEBUG    Evaluating Input[FireInformation]: PrescribedFireGrowth.fires
10/17 11:23 Context              DEBUG    Creating directory /opt/bluesky/bluesky_3.5.1/working/2016080100.5/PrescribedFireGrowth
10/17 11:23 PrescribedFireGrowth SUMMARY  NoGrowth from package BlueSky v3.5.1
10/17 11:23 PrescribedFireGrowth DEBUG    set_output(fires, <kernel.types.FireInformation object at 0x2fe7d90>)
10/17 11:23 PrescribedFireGrowth TIMERS   Process PrescribedFireGrowth finished in 0.00 seconds
10/17 11:23 OtherFireGrowth      DEBUG    Evaluating Input[FireInformation]: OtherFireGrowth.fires
10/17 11:23 Context              DEBUG    Creating directory /opt/bluesky/bluesky_3.5.1/working/2016080100.5/OtherFireGrowth
10/17 11:23 OtherFireGrowth      SUMMARY  NoGrowth from package BlueSky v3.5.1
10/17 11:23 OtherFireGrowth      DEBUG    set_output(fires, <kernel.types.FireInformation object at 0x2fe7dd0>)
10/17 11:23 OtherFireGrowth      TIMERS   Process OtherFireGrowth finished in 0.00 seconds
10/17 11:23 ConsolidateGrowth    DEBUG    Evaluating Input[FireInformation]: ConsolidateGrowth.fires
10/17 11:23 ConsolidateGrowth    DEBUG    Evaluating Input[int]: ConsolidateGrowth.precedence
10/17 11:23 Context              DEBUG    Creating directory /opt/bluesky/bluesky_3.5.1/working/2016080100.5/ConsolidateGrowth
10/17 11:23 ConsolidateGrowth    SUMMARY  ConsolidateFires from package BlueSky v3.5.1
10/17 11:23 ConsolidateGrowth    DEBUG    Exception while running Process 'ConsolidateGrowth': 
>>> ERROR: There are currently zero fire locations to burn; stop.
>>>    File "base/modules/splitter.py", line 47, in run
>>>      raise Exception("There are currently zero fire locations to burn;
>>>      stop.")
>>>

10/17 11:23 BlueSky              INFO     >>> Aborting execution
10/17 11:23 StandardFiles        DEBUG    Created <class 'standard_files.OutputStandardFiles'>: OutputStandardFiles_ConsolidateGrowth_injected
10/17 11:23 StandardFiles        DEBUG    Declared Input[FireInformation]: OutputStandardFiles_ConsolidateGrowth_injected.fires
10/17 11:23 BlueSky              ERROR    >>>
>>> ERROR: There are currently zero fire locations to burn; stop.
>>>    File "base/modules/splitter.py", line 47, in run
>>>      raise Exception("There are currently zero fire locations to burn;
>>>      stop.")
>>>

10/17 11:23 BlueSky              SUMMARY  Completed in 0.24 seconds
